{
  "RSpec": {
    "coverage": {
      "/Users/charliedavis-miller/makers-coursework/bank_tech_test/spec/account_spec.rb": {
        "lines": [
          1,
          null,
          1,
          5,
          5,
          2,
          null,
          1,
          1,
          null,
          null,
          1,
          1,
          2,
          null,
          null,
          1,
          1,
          1,
          null,
          null,
          null,
          1,
          1,
          3,
          null,
          null,
          1,
          1,
          1,
          null,
          null,
          1,
          1,
          2,
          null,
          null,
          null,
          1,
          1,
          1,
          1,
          1,
          0,
          null,
          null,
          null,
          1,
          0,
          null,
          null,
          1,
          1,
          1,
          1,
          null,
          null,
          null
        ]
      },
      "/Users/charliedavis-miller/makers-coursework/bank_tech_test/lib/account.rb": {
        "lines": [
          1,
          1,
          null,
          1,
          1,
          null,
          1,
          null,
          1,
          5,
          5,
          null,
          null,
          1,
          2,
          2,
          null,
          null,
          1,
          3,
          2,
          2,
          null,
          1,
          null,
          null,
          null,
          1,
          4,
          null,
          null,
          1,
          1,
          null,
          null,
          1,
          0,
          null,
          null
        ]
      },
      "/Users/charliedavis-miller/makers-coursework/bank_tech_test/lib/transaction.rb": {
        "lines": [
          1,
          1,
          1,
          4,
          null,
          null,
          null,
          1,
          2,
          null,
          null,
          1,
          2,
          null,
          null
        ]
      },
      "/Users/charliedavis-miller/makers-coursework/bank_tech_test/lib/statement.rb": {
        "lines": [
          1,
          1,
          null,
          1,
          1,
          5,
          null,
          null,
          null,
          1,
          8,
          null,
          null,
          1,
          9,
          9,
          null,
          null,
          1,
          2,
          2,
          4,
          null,
          2,
          null,
          null,
          1,
          0,
          0,
          null,
          null
        ]
      },
      "/Users/charliedavis-miller/makers-coursework/bank_tech_test/spec/statement_spec.rb": {
        "lines": [
          1,
          null,
          1,
          1,
          2,
          2,
          null,
          null,
          null,
          1,
          1,
          1,
          1,
          1,
          null,
          null,
          1,
          1,
          1,
          1,
          1,
          null,
          null
        ]
      },
      "/Users/charliedavis-miller/makers-coursework/bank_tech_test/spec/transaction_spec.rb": {
        "lines": [
          1,
          null,
          1,
          3,
          null,
          1,
          1,
          null,
          null,
          1,
          1,
          null,
          null
        ]
      }
    },
    "timestamp": 1617816249
  }
}
